<?xml version="1.0" encoding="UTF-8"?>
<!-- Generated by org.testng.reporters.JUnitReportReporter -->
<testsuite skipped="0" hostname="DESKTOP-FU825SC" name="testng.javatpnt.Fruits" tests="5" failures="0" timestamp="2022-03-14T15:49:14 EDT" time="0.009" errors="0">
  <testcase name="Cake" time="0.006" classname="testng.javatpnt.Fruits"/>
  <system-out/>
  <testcase name="mango" time="0.001" classname="testng.javatpnt.Fruits"/>
  <system-out/>
  <testcase name="Jam" time="0.000" classname="testng.javatpnt.Fruits"/>
  <system-out/>
  <testcase name="watermelon" time="0.001" classname="testng.javatpnt.Fruits"/>
  <system-out/>
  <testcase name="apple" time="0.001" classname="testng.javatpnt.Fruits"/>
  <system-out/>
</testsuite> <!-- testng.javatpnt.Fruits -->
