<?xml version="1.0" encoding="UTF-8"?>
<!-- Generated by org.testng.reporters.JUnitReportReporter -->
<testsuite skipped="0" hostname="DESKTOP-FU825SC" name="testng.javatpnt.Personal_loan" tests="1" failures="0" timestamp="2022-03-14T15:16:47 EDT" time="0.006" errors="0">
  <testcase name="WebLoginPersonalLoan" time="0.006" classname="testng.javatpnt.Personal_loan"/>
  <system-out/>
</testsuite> <!-- testng.javatpnt.Personal_loan -->
