<?xml version="1.0" encoding="UTF-8"?>
<!-- Generated by org.testng.reporters.JUnitReportReporter -->
<testsuite skipped="0" hostname="DESKTOP-FU825SC" name="testng.javatpnt.Frts" tests="2" failures="0" timestamp="2022-03-14T16:54:49 EDT" time="0.007" errors="0">
  <testcase name="mango" time="0.006" classname="testng.javatpnt.Frts"/>
  <system-out/>
  <testcase name="orange" time="0.001" classname="testng.javatpnt.Frts"/>
  <system-out/>
</testsuite> <!-- testng.javatpnt.Frts -->
