<?xml version="1.0" encoding="UTF-8"?>
<!-- Generated by org.testng.reporters.JUnitReportReporter -->
<testsuite skipped="0" hostname="DESKTOP-FU825SC" name="testng.javatpnt.Sum" tests="1" failures="0" timestamp="2022-03-14T16:40:39 EDT" time="0.005" errors="0">
  <testcase name="add" time="0.005" classname="testng.javatpnt.Sum"/>
  <system-out/>
</testsuite> <!-- testng.javatpnt.Sum -->
