<?xml version="1.0" encoding="UTF-8"?>
<!-- Generated by org.testng.reporters.JUnitReportReporter -->
<testsuite skipped="0" hostname="DESKTOP-FU825SC" name="test.ng.demo.AnnotationsTestNG" tests="2" failures="0" timestamp="2022-03-10T21:13:04 EST" time="0.017" errors="0">
  <testcase name="test10" time="0.007" classname="test.ng.demo.AnnotationsTestNG"/>
  <system-out/>
  <testcase name="test5" time="0.010" classname="test.ng.demo.AnnotationsTestNG"/>
  <system-out/>
</testsuite> <!-- test.ng.demo.AnnotationsTestNG -->
