<?xml version="1.0" encoding="UTF-8"?>
<!-- Generated by org.testng.reporters.JUnitReportReporter -->
<testsuite skipped="0" hostname="DESKTOP-FU825SC" name="testng.javatpnt.DemoXML2" tests="1" failures="0" timestamp="2022-03-14T14:51:28 EDT" time="0.001" errors="0">
  <testcase name="APILoginCarLoan" time="0.001" classname="testng.javatpnt.DemoXML2"/>
  <system-out/>
</testsuite> <!-- testng.javatpnt.DemoXML2 -->
