<?xml version="1.0" encoding="UTF-8"?>
<!-- Generated by org.testng.reporters.JUnitReportReporter -->
<testsuite skipped="0" hostname="DESKTOP-FU825SC" name="testng.javatpnt.Vgtbls" tests="2" failures="0" timestamp="2022-03-14T16:54:49 EDT" time="0.002" errors="0">
  <testcase name="orange" time="0.001" classname="testng.javatpnt.Vgtbls"/>
  <system-out/>
  <testcase name="c" time="0.001" classname="testng.javatpnt.Vgtbls"/>
  <system-out/>
</testsuite> <!-- testng.javatpnt.Vgtbls -->
