<?xml version="1.0" encoding="UTF-8"?>
<!-- Generated by org.testng.reporters.JUnitReportReporter -->
<testsuite skipped="0" hostname="DESKTOP-FU825SC" name="testng.miit.MiitDataExample" tests="4" failures="0" timestamp="2022-03-11T09:42:00 EST" time="0.004" errors="0">
  <testcase name="testMethod" time="0.001" classname="testng.miit.MiitDataExample"/>
  <system-out/>
  <testcase name="testMethod" time="0.000" classname="testng.miit.MiitDataExample"/>
  <system-out/>
  <testcase name="test3" time="0.000" classname="testng.miit.MiitDataExample"/>
  <system-out/>
  <testcase name="test2" time="0.003" classname="testng.miit.MiitDataExample"/>
  <system-out/>
</testsuite> <!-- testng.miit.MiitDataExample -->
