<?xml version="1.0" encoding="UTF-8"?>
<!-- Generated by org.testng.reporters.JUnitReportReporter -->
<testsuite skipped="0" hostname="DESKTOP-FU825SC" name="testng.javatpnt.DemoXML" tests="2" failures="0" timestamp="2022-03-14T14:51:41 EDT" time="0.006" errors="0">
  <testcase name="test2" time="0.001" classname="testng.javatpnt.DemoXML"/>
  <system-out/>
  <testcase name="test1" time="0.005" classname="testng.javatpnt.DemoXML"/>
  <system-out/>
</testsuite> <!-- testng.javatpnt.DemoXML -->
