<?xml version="1.0" encoding="UTF-8"?>
<!-- Generated by org.testng.reporters.JUnitReportReporter -->
<testsuite skipped="0" hostname="DESKTOP-FU825SC" name="rest.assured.AAtest01_Get" tests="2" failures="0" timestamp="2022-03-24T19:41:23 EDT" time="3.435" errors="0">
  <testcase name="test1" time="0.839" classname="rest.assured.AAtest01_Get"/>
  <system-out/>
  <testcase name="test" time="2.596" classname="rest.assured.AAtest01_Get"/>
  <system-out/>
</testsuite> <!-- rest.assured.AAtest01_Get -->
