<?xml version="1.0" encoding="UTF-8"?>
<!-- Generated by org.testng.reporters.JUnitReportReporter -->
<testsuite skipped="0" hostname="DESKTOP-FU825SC" name="test.ng.demo.DataTestNG" tests="5" failures="0" timestamp="2022-03-11T15:51:14 EST" time="0.008" errors="0">
  <testcase name="test" time="0.004" classname="test.ng.demo.DataTestNG"/>
  <system-out/>
  <testcase name="test" time="0.001" classname="test.ng.demo.DataTestNG"/>
  <system-out/>
  <testcase name="test" time="0.001" classname="test.ng.demo.DataTestNG"/>
  <system-out/>
  <testcase name="test" time="0.001" classname="test.ng.demo.DataTestNG"/>
  <system-out/>
  <testcase name="test" time="0.001" classname="test.ng.demo.DataTestNG"/>
  <system-out/>
</testsuite> <!-- test.ng.demo.DataTestNG -->
